<?xml version="1.0" encoding="UTF-8"?><testrun name="Test" project="ProjectManager" tests="15" started="15" failures="1" errors="0" ignored="0">
  <testsuite name="projectManager.TestCreateProject" time="0.0">
    <testcase name="testCreateProject" classname="projectManager.TestCreateProject" time="0.0"/>
    <testcase name="testCreateProjectFail" classname="projectManager.TestCreateProject" time="0.0"/>
  </testsuite>
  <testsuite name="projectManager.TestDateServer" time="0.015">
    <testcase name="testLibAppGetDate" classname="projectManager.TestDateServer" time="0.015"/>
    <testcase name="testDateServer" classname="projectManager.TestDateServer" time="0.0"/>
  </testsuite>
  <testsuite name="projectManager.testDate" time="0.407">
    <testcase name="TestDate" classname="projectManager.testDate" time="0.407">
      <failure>java.lang.AssertionError&#13;
	at org.junit.Assert.fail(Assert.java:86)&#13;
	at org.junit.Assert.assertTrue(Assert.java:41)&#13;
	at org.junit.Assert.assertFalse(Assert.java:64)&#13;
	at org.junit.Assert.assertFalse(Assert.java:74)&#13;
	at projectManager.testDate.TestDate(testDate.java:32)&#13;
	at sun.reflect.NativeMethodAccessorImpl.invoke0(Native Method)&#13;
	at sun.reflect.NativeMethodAccessorImpl.invoke(Unknown Source)&#13;
	at sun.reflect.DelegatingMethodAccessorImpl.invoke(Unknown Source)&#13;
	at java.lang.reflect.Method.invoke(Unknown Source)&#13;
	at org.junit.runners.model.FrameworkMethod$1.runReflectiveCall(FrameworkMethod.java:50)&#13;
	at org.junit.internal.runners.model.ReflectiveCallable.run(ReflectiveCallable.java:12)&#13;
	at org.junit.runners.model.FrameworkMethod.invokeExplosively(FrameworkMethod.java:47)&#13;
	at org.junit.internal.runners.statements.InvokeMethod.evaluate(InvokeMethod.java:17)&#13;
	at org.junit.runners.ParentRunner.runLeaf(ParentRunner.java:325)&#13;
	at org.junit.runners.BlockJUnit4ClassRunner.runChild(BlockJUnit4ClassRunner.java:78)&#13;
	at org.junit.runners.BlockJUnit4ClassRunner.runChild(BlockJUnit4ClassRunner.java:57)&#13;
	at org.junit.runners.ParentRunner$3.run(ParentRunner.java:290)&#13;
	at org.junit.runners.ParentRunner$1.schedule(ParentRunner.java:71)&#13;
	at org.junit.runners.ParentRunner.runChildren(ParentRunner.java:288)&#13;
	at org.junit.runners.ParentRunner.access$000(ParentRunner.java:58)&#13;
	at org.junit.runners.ParentRunner$2.evaluate(ParentRunner.java:268)&#13;
	at org.junit.runners.ParentRunner.run(ParentRunner.java:363)&#13;
	at org.eclipse.jdt.internal.junit4.runner.JUnit4TestReference.run(JUnit4TestReference.java:86)&#13;
	at org.eclipse.jdt.internal.junit.runner.TestExecution.run(TestExecution.java:38)&#13;
	at org.eclipse.jdt.internal.junit.runner.RemoteTestRunner.runTests(RemoteTestRunner.java:459)&#13;
	at org.eclipse.jdt.internal.junit.runner.RemoteTestRunner.runTests(RemoteTestRunner.java:675)&#13;
	at org.eclipse.jdt.internal.junit.runner.RemoteTestRunner.run(RemoteTestRunner.java:382)&#13;
	at org.eclipse.jdt.internal.junit.runner.RemoteTestRunner.main(RemoteTestRunner.java:192)&#13;
&#13;
</failure>
    </testcase>
  </testsuite>
  <testsuite name="projectManager.testCreateUser" time="0.0">
    <testcase name="testCreateUserMichael123" classname="projectManager.testCreateUser" time="0.0"/>
    <testcase name="testUsernameTaken" classname="projectManager.testCreateUser" time="0.0"/>
    <testcase name="testNoPasswordEntered" classname="projectManager.testCreateUser" time="0.0"/>
  </testsuite>
  <testsuite name="projectManager.testRegisterTimeOff" time="0.0">
    <testcase name="testRegisterHolidayConflict" classname="projectManager.testRegisterTimeOff" time="0.0"/>
    <testcase name="testRegisterSick" classname="projectManager.testRegisterTimeOff" time="0.0"/>
    <testcase name="testRegisterHoliday" classname="projectManager.testRegisterTimeOff" time="0.0"/>
  </testsuite>
  <testsuite name="projectManager.TestLogin" time="0.0">
    <testcase name="testLogin" classname="projectManager.TestLogin" time="0.0"/>
  </testsuite>
  <testsuite name="projectManager.testAddActivity" time="0.0">
    <testcase name="TestAddActivity" classname="projectManager.testAddActivity" time="0.0"/>
    <testcase name="TestAddActivityFail" classname="projectManager.testAddActivity" time="0.0"/>
  </testsuite>
  <testsuite name="projectManager.TestRegisterTime" time="0.0">
    <testcase name="testRegisterTime" classname="projectManager.TestRegisterTime" time="0.0"/>
  </testsuite>
</testrun>
